<?xml version="1.0" encoding="UTF-8"?>
<testsuite xmlns:xsi="http://www.w3.org/2001/XMLSchema-instance" xsi:noNamespaceSchemaLocation="https://maven.apache.org/surefire/maven-surefire-plugin/xsd/surefire-test-report-3.0.xsd" version="3.0" name="featureA.Scenario1" time="25.247" tests="2" errors="0" skipped="0" failures="0">
  <properties>
[...]
</properties>
  <testcase name="DynamicControlsCheckbox" classname="featureA.Scenario1" time="13.756">
    <system-out><![CDATA[true
It's gone!
Checkbox is displayed again? : true
]]></system-out>
    <system-err><![CDATA[SLF4J: Failed to load class "org.slf4j.impl.StaticLoggerBinder".
SLF4J: Defaulting to no-operation (NOP) logger implementation
SLF4J: See http://www.slf4j.org/codes.html#StaticLoggerBinder for further details.
1674776007858	geckodriver	INFO	Listening on 127.0.0.1:15356
1674776007949	mozrunner::runner	INFO	Running command: "/usr/lib/firefox/firefox" "--marionette" "-headless" "-no-remote" "-profile" "/tmp/rust_mozprofiledhlgfB"
*** You are running in headless mode.
1674776008164	Marionette	INFO	Marionette enabled
1674776008167	Marionette	INFO	Listening on port 40837
Read port: 40837
1674776008460	RemoteAgent	WARN	TLS certificate errors will be ignored for this session
[GFX1-]: RenderCompositorSWGL failed mapping default framebuffer, no dt
console.warn: SearchSettings: "get: No settings file exists, new profile?" (new NotFoundError("Could not open the file at /tmp/rust_mozprofiledhlgfB/search.json.mozlz4", (void 0)))
Jan 26, 2023 6:33:29 PM org.openqa.selenium.remote.ProtocolHandshake createSession
INFO: Detected dialect: W3C
JavaScript warning: https://ajax.googleapis.com/ajax/libs/jquery/1.10.2/jquery.min.js, line 2: Using //@ to indicate sourceMappingURL pragmas is deprecated. Use //# instead
]]></system-err>
  </testcase>
  <testcase name="DynamicControlsEnableTextbox" classname="featureA.Scenario1" time="3.26">
    <system-out><![CDATA[Is expected message shown? : true, It's enabled!
Text in textbox: 
]]></system-out>
    <system-err><![CDATA[JavaScript warning: https://ajax.googleapis.com/ajax/libs/jquery/1.10.2/jquery.min.js, line 2: Using //@ to indicate sourceMappingURL pragmas is deprecated. Use //# instead
]]></system-err>
  </testcase>
</testsuite>