<?xml version="1.0" encoding="UTF-8"?>
<testng-results ignored="0" total="10" passed="7" failed="3" skipped="0">
  <reporter-output>
  </reporter-output>
  <suite started-at="2022-08-20T03:27:56 PDT" name="Surefire suite" finished-at="2022-08-20T03:28:50 PDT" duration-ms="54118">
    <groups>
      <group name="regression">
        <method signature="Scenario1.DynamicControlsEnableTextbox()[pri:0, instance:FeatureOne.Scenario1@233fe9b6]" name="DynamicControlsEnableTextbox" class="FeatureOne.Scenario1"/>
        <method signature="Scenario1.FileUpload()[pri:0, instance:FeatureTwo.Scenario1@3901d134]" name="FileUpload" class="FeatureTwo.Scenario1"/>
      </group> <!-- regression -->
      <group name="smoke">
        <method signature="Scenario1.DynamicControlsCheckbox()[pri:0, instance:FeatureOne.Scenario1@233fe9b6]" name="DynamicControlsCheckbox" class="FeatureOne.Scenario1"/>
        <method signature="Scenario1.DynamicLoading()[pri:0, instance:FeatureOne.Scenario1@233fe9b6]" name="DynamicLoading" class="FeatureOne.Scenario1"/>
        <method signature="Scenario1.ForgotPassword()[pri:0, instance:FeatureTwo.Scenario1@3901d134]" name="ForgotPassword" class="FeatureTwo.Scenario1"/>
      </group> <!-- smoke -->
      <group name="retest">
        <method signature="Scenario2.LoginPage()[pri:0, instance:FeatureTwo.Scenario2@14d3bc22]" name="LoginPage" class="FeatureTwo.Scenario2"/>
      </group> <!-- retest -->
    </groups>
    <test started-at="2022-08-20T03:27:56 PDT" name="Surefire test" finished-at="2022-08-20T03:28:50 PDT" duration-ms="54118">
      <class name="FeatureOne.Scenario2">
        <test-method is-config="true" signature="OpenBrowserAndStartApplication()[pri:0, instance:FeatureOne.Scenario2@11a9e7c8]" started-at="2022-08-20T03:28:26 PDT" name="OpenBrowserAndStartApplication" finished-at="2022-08-20T03:28:27 PDT" duration-ms="889" status="PASS">
          <reporter-output>
          </reporter-output>
        </test-method> <!-- OpenBrowserAndStartApplication -->
        <test-method signature="EntryAdd()[pri:0, instance:FeatureOne.Scenario2@11a9e7c8]" started-at="2022-08-20T03:28:27 PDT" name="EntryAdd" finished-at="2022-08-20T03:28:27 PDT" duration-ms="678" status="PASS">
          <reporter-output>
          </reporter-output>
        </test-method> <!-- EntryAdd -->
        <test-method is-config="true" signature="GoToMainPage()[pri:0, instance:FeatureOne.Scenario2@11a9e7c8]" started-at="2022-08-20T03:28:27 PDT" name="GoToMainPage" finished-at="2022-08-20T03:28:28 PDT" duration-ms="53" status="PASS">
          <reporter-output>
          </reporter-output>
        </test-method> <!-- GoToMainPage -->
        <test-method signature="ExitIntent()[pri:0, instance:FeatureOne.Scenario2@11a9e7c8]" started-at="2022-08-20T03:28:28 PDT" name="ExitIntent" finished-at="2022-08-20T03:28:32 PDT" duration-ms="4373" status="FAIL">
          <exception class="java.lang.AssertionError">
            <message>
              <![CDATA[The following asserts failed:
expected [false] but found [true]]]>
            </message>
            <full-stacktrace>
              <![CDATA[java.lang.AssertionError: The following asserts failed:
expected [false] but found [true]
at org.testng.asserts.SoftAssert.assertAll(SoftAssert.java:46)
at org.testng.asserts.SoftAssert.assertAll(SoftAssert.java:30)
at FeatureOne.Scenario2.ExitIntent(Scenario2.java:77)
at java.base/jdk.internal.reflect.DirectMethodHandleAccessor.invoke(DirectMethodHandleAccessor.java:104)
at java.base/java.lang.reflect.Method.invoke(Method.java:577)
at org.testng.internal.invokers.MethodInvocationHelper.invokeMethod(MethodInvocationHelper.java:135)
at org.testng.internal.invokers.TestInvoker.invokeMethod(TestInvoker.java:673)
at org.testng.internal.invokers.TestInvoker.invokeTestMethod(TestInvoker.java:220)
at org.testng.internal.invokers.MethodRunner.runInSequence(MethodRunner.java:50)
at org.testng.internal.invokers.TestInvoker$MethodInvocationAgent.invoke(TestInvoker.java:945)
at org.testng.internal.invokers.TestInvoker.invokeTestMethods(TestInvoker.java:193)
at org.testng.internal.invokers.TestMethodWorker.invokeTestMethods(TestMethodWorker.java:146)
at org.testng.internal.invokers.TestMethodWorker.run(TestMethodWorker.java:128)
at java.base/java.util.ArrayList.forEach(ArrayList.java:1511)
at org.testng.TestRunner.privateRun(TestRunner.java:808)
at org.testng.TestRunner.run(TestRunner.java:603)
at org.testng.SuiteRunner.runTest(SuiteRunner.java:429)
at org.testng.SuiteRunner.runSequentially(SuiteRunner.java:423)
at org.testng.SuiteRunner.privateRun(SuiteRunner.java:383)
at org.testng.SuiteRunner.run(SuiteRunner.java:326)
at org.testng.SuiteRunnerWorker.runSuite(SuiteRunnerWorker.java:52)
at org.testng.SuiteRunnerWorker.run(SuiteRunnerWorker.java:95)
at org.testng.TestNG.runSuitesSequentially(TestNG.java:1249)
at org.testng.TestNG.runSuitesLocally(TestNG.java:1169)
at org.testng.TestNG.runSuites(TestNG.java:1092)
at org.testng.TestNG.run(TestNG.java:1060)
at org.apache.maven.surefire.testng.TestNGExecutor.run(TestNGExecutor.java:151)
at org.apache.maven.surefire.testng.TestNGDirectoryTestSuite.executeMulti(TestNGDirectoryTestSuite.java:192)
at org.apache.maven.surefire.testng.TestNGDirectoryTestSuite.execute(TestNGDirectoryTestSuite.java:93)
at org.apache.maven.surefire.testng.TestNGProvider.invoke(TestNGProvider.java:155)
at org.apache.maven.surefire.booter.ForkedBooter.runSuitesInProcess(ForkedBooter.java:456)
at org.apache.maven.surefire.booter.ForkedBooter.execute(ForkedBooter.java:169)
at org.apache.maven.surefire.booter.ForkedBooter.run(ForkedBooter.java:595)
at org.apache.maven.surefire.booter.ForkedBooter.main(ForkedBooter.java:581)
]]>
            </full-stacktrace>
          </exception> <!-- java.lang.AssertionError -->
          <reporter-output>
          </reporter-output>
        </test-method> <!-- ExitIntent -->
        <test-method is-config="true" signature="GoToMainPage()[pri:0, instance:FeatureOne.Scenario2@11a9e7c8]" started-at="2022-08-20T03:28:32 PDT" name="GoToMainPage" finished-at="2022-08-20T03:28:32 PDT" duration-ms="47" status="PASS">
          <reporter-output>
          </reporter-output>
        </test-method> <!-- GoToMainPage -->
        <test-method signature="FileDownload()[pri:0, instance:FeatureOne.Scenario2@11a9e7c8]" started-at="2022-08-20T03:28:32 PDT" name="FileDownload" finished-at="2022-08-20T03:28:36 PDT" duration-ms="4151" status="PASS">
          <reporter-output>
          </reporter-output>
        </test-method> <!-- FileDownload -->
        <test-method is-config="true" signature="GoToMainPage()[pri:0, instance:FeatureOne.Scenario2@11a9e7c8]" started-at="2022-08-20T03:28:36 PDT" name="GoToMainPage" finished-at="2022-08-20T03:28:36 PDT" duration-ms="55" status="PASS">
          <reporter-output>
          </reporter-output>
        </test-method> <!-- GoToMainPage -->
        <test-method is-config="true" signature="TearDown()[pri:0, instance:FeatureOne.Scenario2@11a9e7c8]" started-at="2022-08-20T03:28:36 PDT" name="TearDown" finished-at="2022-08-20T03:28:36 PDT" duration-ms="88" status="PASS">
          <reporter-output>
          </reporter-output>
        </test-method> <!-- TearDown -->
      </class> <!-- FeatureOne.Scenario2 -->
      <class name="FeatureOne.Scenario1">
        <test-method is-config="true" signature="OpenBrowserAndStartApplication()[pri:0, instance:FeatureOne.Scenario1@233fe9b6]" started-at="2022-08-20T03:27:56 PDT" name="OpenBrowserAndStartApplication" finished-at="2022-08-20T03:27:58 PDT" duration-ms="2085" status="PASS">
          <reporter-output>
          </reporter-output>
        </test-method> <!-- OpenBrowserAndStartApplication -->
        <test-method signature="DynamicControlsCheckbox()[pri:0, instance:FeatureOne.Scenario1@233fe9b6]" started-at="2022-08-20T03:27:58 PDT" name="DynamicControlsCheckbox" finished-at="2022-08-20T03:28:12 PDT" duration-ms="13304" status="PASS">
          <reporter-output>
          </reporter-output>
        </test-method> <!-- DynamicControlsCheckbox -->
        <test-method is-config="true" signature="GoToMainPage()[pri:0, instance:FeatureOne.Scenario1@233fe9b6]" started-at="2022-08-20T03:28:12 PDT" name="GoToMainPage" finished-at="2022-08-20T03:28:12 PDT" duration-ms="56" status="PASS">
          <reporter-output>
          </reporter-output>
        </test-method> <!-- GoToMainPage -->
        <test-method signature="DynamicControlsEnableTextbox()[pri:0, instance:FeatureOne.Scenario1@233fe9b6]" started-at="2022-08-20T03:28:12 PDT" name="DynamicControlsEnableTextbox" finished-at="2022-08-20T03:28:15 PDT" duration-ms="3219" status="PASS">
          <reporter-output>
          </reporter-output>
        </test-method> <!-- DynamicControlsEnableTextbox -->
        <test-method is-config="true" signature="GoToMainPage()[pri:0, instance:FeatureOne.Scenario1@233fe9b6]" started-at="2022-08-20T03:28:15 PDT" name="GoToMainPage" finished-at="2022-08-20T03:28:15 PDT" duration-ms="60" status="PASS">
          <reporter-output>
          </reporter-output>
        </test-method> <!-- GoToMainPage -->
        <test-method signature="DynamicLoading()[pri:0, instance:FeatureOne.Scenario1@233fe9b6]" started-at="2022-08-20T03:28:15 PDT" name="DynamicLoading" finished-at="2022-08-20T03:28:26 PDT" duration-ms="10695" status="PASS">
          <reporter-output>
          </reporter-output>
        </test-method> <!-- DynamicLoading -->
        <test-method is-config="true" signature="GoToMainPage()[pri:0, instance:FeatureOne.Scenario1@233fe9b6]" started-at="2022-08-20T03:28:26 PDT" name="GoToMainPage" finished-at="2022-08-20T03:28:26 PDT" duration-ms="60" status="PASS">
          <reporter-output>
          </reporter-output>
        </test-method> <!-- GoToMainPage -->
        <test-method is-config="true" signature="TearDown()[pri:0, instance:FeatureOne.Scenario1@233fe9b6]" started-at="2022-08-20T03:28:26 PDT" name="TearDown" finished-at="2022-08-20T03:28:26 PDT" duration-ms="95" status="PASS">
          <reporter-output>
          </reporter-output>
        </test-method> <!-- TearDown -->
      </class> <!-- FeatureOne.Scenario1 -->
      <class name="FeatureTwo.Scenario1">
        <test-method is-config="true" signature="OpenBrowserAndStartApplication()[pri:0, instance:FeatureTwo.Scenario1@3901d134]" started-at="2022-08-20T03:28:36 PDT" name="OpenBrowserAndStartApplication" finished-at="2022-08-20T03:28:37 PDT" duration-ms="893" status="PASS">
          <reporter-output>
          </reporter-output>
        </test-method> <!-- OpenBrowserAndStartApplication -->
        <test-method signature="FileUpload()[pri:0, instance:FeatureTwo.Scenario1@3901d134]" started-at="2022-08-20T03:28:37 PDT" name="FileUpload" finished-at="2022-08-20T03:28:38 PDT" duration-ms="1237" status="PASS">
          <reporter-output>
          </reporter-output>
        </test-method> <!-- FileUpload -->
        <test-method is-config="true" signature="GoToMainPage()[pri:0, instance:FeatureTwo.Scenario1@3901d134]" started-at="2022-08-20T03:28:38 PDT" name="GoToMainPage" finished-at="2022-08-20T03:28:38 PDT" duration-ms="44" status="PASS">
          <reporter-output>
          </reporter-output>
        </test-method> <!-- GoToMainPage -->
        <test-method signature="FloatingMenu()[pri:0, instance:FeatureTwo.Scenario1@3901d134]" started-at="2022-08-20T03:28:38 PDT" name="FloatingMenu" finished-at="2022-08-20T03:28:39 PDT" duration-ms="150" status="PASS">
          <reporter-output>
          </reporter-output>
        </test-method> <!-- FloatingMenu -->
        <test-method is-config="true" signature="GoToMainPage()[pri:0, instance:FeatureTwo.Scenario1@3901d134]" started-at="2022-08-20T03:28:39 PDT" name="GoToMainPage" finished-at="2022-08-20T03:28:39 PDT" duration-ms="48" status="PASS">
          <reporter-output>
          </reporter-output>
        </test-method> <!-- GoToMainPage -->
        <test-method signature="ForgotPassword()[pri:0, instance:FeatureTwo.Scenario1@3901d134]" started-at="2022-08-20T03:28:39 PDT" name="ForgotPassword" finished-at="2022-08-20T03:28:49 PDT" duration-ms="10239" status="FAIL">
          <exception class="org.openqa.selenium.NoSuchElementException">
            <message>
              <![CDATA[no such element: Unable to locate element: {"method":"xpath","selector":"//*[@id="post"]/table/tbody/tr[2]/td[2]/div"}
  (Session info: chrome=104.0.5112.102)
For documentation on this error, please visit: https://www.seleniumhq.org/exceptions/no_such_element.html
Build info: version: '3.141.59', revision: 'e82be7d358', time: '2018-11-14T08:17:03'
System info: host: 'DESKTOP-2E2I19P', ip: '192.168.1.174', os.name: 'Windows 10', os.arch: 'amd64', os.version: '10.0', java.version: '18.0.2'
Driver info: org.openqa.selenium.chrome.ChromeDriver
Capabilities {acceptInsecureCerts: false, browserName: chrome, browserVersion: 104.0.5112.102, chrome: {chromedriverVersion: 104.0.5112.79 (3cf3e8c8a07d..., userDataDir: C:\Users\pawlo\AppData\Loca...}, goog:chromeOptions: {debuggerAddress: localhost:64235}, javascriptEnabled: true, networkConnectionEnabled: false, pageLoadStrategy: normal, platform: WINDOWS, platformName: WINDOWS, proxy: Proxy(), setWindowRect: true, strictFileInteractability: false, timeouts: {implicit: 0, pageLoad: 300000, script: 30000}, unhandledPromptBehavior: dismiss and notify, webauthn:extension:credBlob: true, webauthn:extension:largeBlob: true, webauthn:virtualAuthenticators: true}
Session ID: fd2b3915d72e40a2ab4b8a159b898910
*** Element info: {Using=xpath, value=//*[@id="post"]/table/tbody/tr[2]/td[2]/div}]]>
            </message>
            <full-stacktrace>
              <![CDATA[org.openqa.selenium.NoSuchElementException: no such element: Unable to locate element: {"method":"xpath","selector":"//*[@id="post"]/table/tbody/tr[2]/td[2]/div"}
  (Session info: chrome=104.0.5112.102)
For documentation on this error, please visit: https://www.seleniumhq.org/exceptions/no_such_element.html
Build info: version: '3.141.59', revision: 'e82be7d358', time: '2018-11-14T08:17:03'
System info: host: 'DESKTOP-2E2I19P', ip: '192.168.1.174', os.name: 'Windows 10', os.arch: 'amd64', os.version: '10.0', java.version: '18.0.2'
Driver info: org.openqa.selenium.chrome.ChromeDriver
Capabilities {acceptInsecureCerts: false, browserName: chrome, browserVersion: 104.0.5112.102, chrome: {chromedriverVersion: 104.0.5112.79 (3cf3e8c8a07d..., userDataDir: C:\Users\pawlo\AppData\Loca...}, goog:chromeOptions: {debuggerAddress: localhost:64235}, javascriptEnabled: true, networkConnectionEnabled: false, pageLoadStrategy: normal, platform: WINDOWS, platformName: WINDOWS, proxy: Proxy(), setWindowRect: true, strictFileInteractability: false, timeouts: {implicit: 0, pageLoad: 300000, script: 30000}, unhandledPromptBehavior: dismiss and notify, webauthn:extension:credBlob: true, webauthn:extension:largeBlob: true, webauthn:virtualAuthenticators: true}
Session ID: fd2b3915d72e40a2ab4b8a159b898910
*** Element info: {Using=xpath, value=//*[@id="post"]/table/tbody/tr[2]/td[2]/div}
at java.base/jdk.internal.reflect.DirectConstructorHandleAccessor.newInstance(DirectConstructorHandleAccessor.java:67)
at java.base/java.lang.reflect.Constructor.newInstanceWithCaller(Constructor.java:499)
at java.base/java.lang.reflect.Constructor.newInstance(Constructor.java:483)
at org.openqa.selenium.remote.http.W3CHttpResponseCodec.createException(W3CHttpResponseCodec.java:187)
at org.openqa.selenium.remote.http.W3CHttpResponseCodec.decode(W3CHttpResponseCodec.java:122)
at org.openqa.selenium.remote.http.W3CHttpResponseCodec.decode(W3CHttpResponseCodec.java:49)
at org.openqa.selenium.remote.HttpCommandExecutor.execute(HttpCommandExecutor.java:158)
at org.openqa.selenium.remote.service.DriverCommandExecutor.execute(DriverCommandExecutor.java:83)
at org.openqa.selenium.remote.RemoteWebDriver.execute(RemoteWebDriver.java:552)
at org.openqa.selenium.remote.RemoteWebDriver.findElement(RemoteWebDriver.java:323)
at org.openqa.selenium.remote.RemoteWebDriver.findElementByXPath(RemoteWebDriver.java:428)
at org.openqa.selenium.By$ByXPath.findElement(By.java:353)
at org.openqa.selenium.remote.RemoteWebDriver.findElement(RemoteWebDriver.java:315)
at FeatureTwo.Scenario1.ForgotPassword(Scenario1.java:86)
at java.base/jdk.internal.reflect.DirectMethodHandleAccessor.invoke(DirectMethodHandleAccessor.java:104)
at java.base/java.lang.reflect.Method.invoke(Method.java:577)
at org.testng.internal.invokers.MethodInvocationHelper.invokeMethod(MethodInvocationHelper.java:135)
at org.testng.internal.invokers.TestInvoker.invokeMethod(TestInvoker.java:673)
at org.testng.internal.invokers.TestInvoker.invokeTestMethod(TestInvoker.java:220)
at org.testng.internal.invokers.MethodRunner.runInSequence(MethodRunner.java:50)
at org.testng.internal.invokers.TestInvoker$MethodInvocationAgent.invoke(TestInvoker.java:945)
at org.testng.internal.invokers.TestInvoker.invokeTestMethods(TestInvoker.java:193)
at org.testng.internal.invokers.TestMethodWorker.invokeTestMethods(TestMethodWorker.java:146)
at org.testng.internal.invokers.TestMethodWorker.run(TestMethodWorker.java:128)
at java.base/java.util.ArrayList.forEach(ArrayList.java:1511)
at org.testng.TestRunner.privateRun(TestRunner.java:808)
at org.testng.TestRunner.run(TestRunner.java:603)
at org.testng.SuiteRunner.runTest(SuiteRunner.java:429)
at org.testng.SuiteRunner.runSequentially(SuiteRunner.java:423)
at org.testng.SuiteRunner.privateRun(SuiteRunner.java:383)
at org.testng.SuiteRunner.run(SuiteRunner.java:326)
at org.testng.SuiteRunnerWorker.runSuite(SuiteRunnerWorker.java:52)
at org.testng.SuiteRunnerWorker.run(SuiteRunnerWorker.java:95)
at org.testng.TestNG.runSuitesSequentially(TestNG.java:1249)
at org.testng.TestNG.runSuitesLocally(TestNG.java:1169)
at org.testng.TestNG.runSuites(TestNG.java:1092)
at org.testng.TestNG.run(TestNG.java:1060)
at org.apache.maven.surefire.testng.TestNGExecutor.run(TestNGExecutor.java:151)
at org.apache.maven.surefire.testng.TestNGDirectoryTestSuite.executeMulti(TestNGDirectoryTestSuite.java:192)
at org.apache.maven.surefire.testng.TestNGDirectoryTestSuite.execute(TestNGDirectoryTestSuite.java:93)
at org.apache.maven.surefire.testng.TestNGProvider.invoke(TestNGProvider.java:155)
at org.apache.maven.surefire.booter.ForkedBooter.runSuitesInProcess(ForkedBooter.java:456)
at org.apache.maven.surefire.booter.ForkedBooter.execute(ForkedBooter.java:169)
at org.apache.maven.surefire.booter.ForkedBooter.run(ForkedBooter.java:595)
at org.apache.maven.surefire.booter.ForkedBooter.main(ForkedBooter.java:581)
]]>
            </full-stacktrace>
          </exception> <!-- org.openqa.selenium.NoSuchElementException -->
          <reporter-output>
          </reporter-output>
        </test-method> <!-- ForgotPassword -->
        <test-method is-config="true" signature="GoToMainPage()[pri:0, instance:FeatureTwo.Scenario1@3901d134]" started-at="2022-08-20T03:28:49 PDT" name="GoToMainPage" finished-at="2022-08-20T03:28:49 PDT" duration-ms="52" status="PASS">
          <reporter-output>
          </reporter-output>
        </test-method> <!-- GoToMainPage -->
        <test-method is-config="true" signature="TearDown()[pri:0, instance:FeatureTwo.Scenario1@3901d134]" started-at="2022-08-20T03:28:49 PDT" name="TearDown" finished-at="2022-08-20T03:28:49 PDT" duration-ms="78" status="PASS">
          <reporter-output>
          </reporter-output>
        </test-method> <!-- TearDown -->
      </class> <!-- FeatureTwo.Scenario1 -->
      <class name="FeatureTwo.Scenario2">
        <test-method is-config="true" signature="OpenBrowserAndStartApplication()[pri:0, instance:FeatureTwo.Scenario2@14d3bc22]" started-at="2022-08-20T03:28:49 PDT" name="OpenBrowserAndStartApplication" finished-at="2022-08-20T03:28:50 PDT" duration-ms="900" status="PASS">
          <reporter-output>
          </reporter-output>
        </test-method> <!-- OpenBrowserAndStartApplication -->
        <test-method signature="LoginPage()[pri:0, instance:FeatureTwo.Scenario2@14d3bc22]" started-at="2022-08-20T03:28:50 PDT" name="LoginPage" finished-at="2022-08-20T03:28:50 PDT" duration-ms="391" status="FAIL">
          <exception class="java.lang.AssertionError">
            <message>
              <![CDATA[Asserted!
expected [You logged into a secure area!
ﾃ余 but found [You logged into a secure area!],
expected [You logged out of the secure area!
ﾃ余 but found [You logged out of the secure area!]]]>
            </message>
            <full-stacktrace>
              <![CDATA[java.lang.AssertionError: Asserted!
expected [You logged into a secure area!
ﾃ余 but found [You logged into a secure area!],
expected [You logged out of the secure area!
ﾃ余 but found [You logged out of the secure area!]
at org.testng.asserts.SoftAssert.assertAll(SoftAssert.java:46)
at FeatureTwo.Scenario2.LoginPage(Scenario2.java:44)
at java.base/jdk.internal.reflect.DirectMethodHandleAccessor.invoke(DirectMethodHandleAccessor.java:104)
at java.base/java.lang.reflect.Method.invoke(Method.java:577)
at org.testng.internal.invokers.MethodInvocationHelper.invokeMethod(MethodInvocationHelper.java:135)
at org.testng.internal.invokers.TestInvoker.invokeMethod(TestInvoker.java:673)
at org.testng.internal.invokers.TestInvoker.invokeTestMethod(TestInvoker.java:220)
at org.testng.internal.invokers.MethodRunner.runInSequence(MethodRunner.java:50)
at org.testng.internal.invokers.TestInvoker$MethodInvocationAgent.invoke(TestInvoker.java:945)
at org.testng.internal.invokers.TestInvoker.invokeTestMethods(TestInvoker.java:193)
at org.testng.internal.invokers.TestMethodWorker.invokeTestMethods(TestMethodWorker.java:146)
at org.testng.internal.invokers.TestMethodWorker.run(TestMethodWorker.java:128)
at java.base/java.util.ArrayList.forEach(ArrayList.java:1511)
at org.testng.TestRunner.privateRun(TestRunner.java:808)
at org.testng.TestRunner.run(TestRunner.java:603)
at org.testng.SuiteRunner.runTest(SuiteRunner.java:429)
at org.testng.SuiteRunner.runSequentially(SuiteRunner.java:423)
at org.testng.SuiteRunner.privateRun(SuiteRunner.java:383)
at org.testng.SuiteRunner.run(SuiteRunner.java:326)
at org.testng.SuiteRunnerWorker.runSuite(SuiteRunnerWorker.java:52)
at org.testng.SuiteRunnerWorker.run(SuiteRunnerWorker.java:95)
at org.testng.TestNG.runSuitesSequentially(TestNG.java:1249)
at org.testng.TestNG.runSuitesLocally(TestNG.java:1169)
at org.testng.TestNG.runSuites(TestNG.java:1092)
at org.testng.TestNG.run(TestNG.java:1060)
at org.apache.maven.surefire.testng.TestNGExecutor.run(TestNGExecutor.java:151)
at org.apache.maven.surefire.testng.TestNGDirectoryTestSuite.executeMulti(TestNGDirectoryTestSuite.java:192)
at org.apache.maven.surefire.testng.TestNGDirectoryTestSuite.execute(TestNGDirectoryTestSuite.java:93)
at org.apache.maven.surefire.testng.TestNGProvider.invoke(TestNGProvider.java:155)
at org.apache.maven.surefire.booter.ForkedBooter.runSuitesInProcess(ForkedBooter.java:456)
at org.apache.maven.surefire.booter.ForkedBooter.execute(ForkedBooter.java:169)
at org.apache.maven.surefire.booter.ForkedBooter.run(ForkedBooter.java:595)
at org.apache.maven.surefire.booter.ForkedBooter.main(ForkedBooter.java:581)
]]>
            </full-stacktrace>
          </exception> <!-- java.lang.AssertionError -->
          <reporter-output>
          </reporter-output>
        </test-method> <!-- LoginPage -->
        <test-method is-config="true" signature="GoToMainPage()[pri:0, instance:FeatureTwo.Scenario2@14d3bc22]" started-at="2022-08-20T03:28:50 PDT" name="GoToMainPage" finished-at="2022-08-20T03:28:50 PDT" duration-ms="51" status="PASS">
          <reporter-output>
          </reporter-output>
        </test-method> <!-- GoToMainPage -->
        <test-method is-config="true" signature="TearDown()[pri:0, instance:FeatureTwo.Scenario2@14d3bc22]" started-at="2022-08-20T03:28:50 PDT" name="TearDown" finished-at="2022-08-20T03:28:50 PDT" duration-ms="91" status="PASS">
          <reporter-output>
          </reporter-output>
        </test-method> <!-- TearDown -->
      </class> <!-- FeatureTwo.Scenario2 -->
    </test> <!-- Surefire test -->
  </suite> <!-- Surefire suite -->
</testng-results>
