<?xml version="1.0" encoding="UTF-8"?>
<testsuite xmlns:xsi="http://www.w3.org/2001/XMLSchema-instance" xsi:noNamespaceSchemaLocation="https://maven.apache.org/surefire/maven-surefire-plugin/xsd/surefire-test-report-3.0.xsd" version="3.0" name="TestSuite" time="27.979" tests="5" errors="0" skipped="0" failures="0">
  <properties>
[...]
</properties>
  <testcase name="FileUpload" classname="featureTwo.Scenario1" time="1.303">
    <system-out><![CDATA[Name of the file: some-file.txt, uploaded file: some-file.txt
]]></system-out>
    <system-err><![CDATA[SLF4J: Failed to load class "org.slf4j.impl.StaticLoggerBinder".
SLF4J: Defaulting to no-operation (NOP) logger implementation
SLF4J: See http://www.slf4j.org/codes.html#StaticLoggerBinder for further details.
1664980998205	geckodriver	INFO	Listening on 127.0.0.1:28173
1664980998308	mozrunner::runner	INFO	Running command: "/usr/lib/firefox/firefox" "--marionette" "-headless" "-no-remote" "-profile" "/tmp/rust_mozprofilemh41HX"
*** You are running in headless mode.
1664980998523	Marionette	INFO	Marionette enabled
1664980998526	Marionette	INFO	Listening on port 42203
Read port: 42203
1664980998713	RemoteAgent	WARN	TLS certificate errors will be ignored for this session
[GFX1-]: RenderCompositorSWGL failed mapping default framebuffer, no dt
console.warn: SearchSettings: "get: No settings file exists, new profile?" (new NotFoundError("Could not open the file at /tmp/rust_mozprofilemh41HX/search.json.mozlz4", (void 0)))
Missing chrome or resource URL: resource://gre/modules/UpdateListener.sys.mjs
Oct 05, 2022 10:43:19 AM org.openqa.selenium.remote.ProtocolHandshake createSession
INFO: Detected dialect: W3C
console.warn: LoginRecipes: "Falling back to a synchronous message for: http://localhost:7080."
]]></system-err>
  </testcase>
  <testcase name="FloatingMenu" classname="featureTwo.Scenario1" time="0.357">
    <system-out><![CDATA[4
Jedno z drugim: Home = Home
Jedno z drugim: News = News
Jedno z drugim: Contact = Contact
Jedno z drugim: About = About
All good
]]></system-out>
  </testcase>
  <testcase name="ForgotPassword" classname="featureTwo.Scenario1" time="0.68">
    <system-out><![CDATA["januszmaj@gmail.com"
Jest jo
]]></system-out>
    <system-err><![CDATA[console.warn: LoginRecipes: "Falling back to a synchronous message for: http://localhost:7080."
]]></system-err>
  </testcase>
  <testcase name="DynamicControlsCheckbox" classname="featureOne.Scenario1" time="13.517">
    <system-out><![CDATA[true
It's gone!
Checkbox is displayed again? : true
]]></system-out>
    <system-err><![CDATA[JavaScript warning: https://ajax.googleapis.com/ajax/libs/jquery/1.10.2/jquery.min.js, line 2: Using //@ to indicate sourceMappingURL pragmas is deprecated. Use //# instead
]]></system-err>
  </testcase>
  <testcase name="DynamicControlsEnableTextbox" classname="featureOne.Scenario1" time="3.188">
    <system-out><![CDATA[Is expected message shown? : true, It's enabled!
Text in textbox: 
]]></system-out>
    <system-err><![CDATA[JavaScript warning: https://ajax.googleapis.com/ajax/libs/jquery/1.10.2/jquery.min.js, line 2: Using //@ to indicate sourceMappingURL pragmas is deprecated. Use //# instead
]]></system-err>
  </testcase>
</testsuite>