<?xml version="1.0" encoding="UTF-8"?>
<testng-results ignored="2" total="8" passed="5" failed="1" skipped="0">
  <reporter-output>
  </reporter-output>
  <suite started-at="2022-10-05T10:43:17 EDT" name="Surefire suite" finished-at="2022-10-05T10:43:45 EDT" duration-ms="27741">
    <groups>
      <group name="regression">
        <method signature="Scenario1.DynamicControlsEnableTextbox()[pri:0, instance:featureOne.Scenario1@6200f9cb]" name="DynamicControlsEnableTextbox" class="featureOne.Scenario1"/>
        <method signature="Scenario1.FileUpload()[pri:0, instance:featureTwo.Scenario1@131ef10]" name="FileUpload" class="featureTwo.Scenario1"/>
      </group> <!-- regression -->
      <group name="smoke">
        <method signature="Scenario1.DynamicControlsCheckbox()[pri:0, instance:featureOne.Scenario1@6200f9cb]" name="DynamicControlsCheckbox" class="featureOne.Scenario1"/>
        <method signature="Scenario1.DynamicLoading()[pri:0, instance:featureOne.Scenario1@6200f9cb]" name="DynamicLoading" class="featureOne.Scenario1"/>
        <method signature="Scenario1.ForgotPassword()[pri:0, instance:featureTwo.Scenario1@131ef10]" name="ForgotPassword" class="featureTwo.Scenario1"/>
      </group> <!-- smoke -->
    </groups>
    <test started-at="2022-10-05T10:43:17 EDT" name="Surefire test" finished-at="2022-10-05T10:43:45 EDT" duration-ms="27741">
      <class name="featureTwo.Scenario1">
        <test-method is-config="true" signature="OpenBrowserAndStartApplication()[pri:0, instance:featureTwo.Scenario1@131ef10]" started-at="2022-10-05T10:43:17 EDT" name="OpenBrowserAndStartApplication" finished-at="2022-10-05T10:43:19 EDT" duration-ms="1934" status="PASS">
          <reporter-output>
          </reporter-output>
        </test-method> <!-- OpenBrowserAndStartApplication -->
        <test-method signature="FileUpload()[pri:0, instance:featureTwo.Scenario1@131ef10]" started-at="2022-10-05T10:43:19 EDT" name="FileUpload" finished-at="2022-10-05T10:43:21 EDT" duration-ms="1302" status="PASS">
          <reporter-output>
          </reporter-output>
        </test-method> <!-- FileUpload -->
        <test-method is-config="true" signature="GoToMainPage()[pri:0, instance:featureTwo.Scenario1@131ef10]" started-at="2022-10-05T10:43:21 EDT" name="GoToMainPage" finished-at="2022-10-05T10:43:21 EDT" duration-ms="97" status="PASS">
          <reporter-output>
          </reporter-output>
        </test-method> <!-- GoToMainPage -->
        <test-method signature="FloatingMenu()[pri:0, instance:featureTwo.Scenario1@131ef10]" started-at="2022-10-05T10:43:21 EDT" name="FloatingMenu" finished-at="2022-10-05T10:43:21 EDT" duration-ms="357" status="PASS">
          <reporter-output>
          </reporter-output>
        </test-method> <!-- FloatingMenu -->
        <test-method is-config="true" signature="GoToMainPage()[pri:0, instance:featureTwo.Scenario1@131ef10]" started-at="2022-10-05T10:43:21 EDT" name="GoToMainPage" finished-at="2022-10-05T10:43:21 EDT" duration-ms="72" status="PASS">
          <reporter-output>
          </reporter-output>
        </test-method> <!-- GoToMainPage -->
        <test-method signature="ForgotPassword()[pri:0, instance:featureTwo.Scenario1@131ef10]" started-at="2022-10-05T10:43:21 EDT" name="ForgotPassword" finished-at="2022-10-05T10:43:22 EDT" duration-ms="679" status="PASS">
          <reporter-output>
          </reporter-output>
        </test-method> <!-- ForgotPassword -->
        <test-method is-config="true" signature="GoToMainPage()[pri:0, instance:featureTwo.Scenario1@131ef10]" started-at="2022-10-05T10:43:22 EDT" name="GoToMainPage" finished-at="2022-10-05T10:43:22 EDT" duration-ms="103" status="PASS">
          <reporter-output>
          </reporter-output>
        </test-method> <!-- GoToMainPage -->
        <test-method is-config="true" signature="TearDown()[pri:0, instance:featureTwo.Scenario1@131ef10]" started-at="2022-10-05T10:43:45 EDT" name="TearDown" finished-at="2022-10-05T10:43:45 EDT" duration-ms="413" status="PASS">
          <reporter-output>
          </reporter-output>
        </test-method> <!-- TearDown -->
      </class> <!-- featureTwo.Scenario1 -->
      <class name="featureOne.Scenario1">
        <test-method signature="DynamicControlsCheckbox()[pri:0, instance:featureOne.Scenario1@6200f9cb]" started-at="2022-10-05T10:43:22 EDT" name="DynamicControlsCheckbox" finished-at="2022-10-05T10:43:35 EDT" duration-ms="13517" status="PASS">
          <reporter-output>
          </reporter-output>
        </test-method> <!-- DynamicControlsCheckbox -->
        <test-method is-config="true" signature="GoToMainPage()[pri:0, instance:featureOne.Scenario1@6200f9cb]" started-at="2022-10-05T10:43:35 EDT" name="GoToMainPage" finished-at="2022-10-05T10:43:36 EDT" duration-ms="95" status="PASS">
          <reporter-output>
          </reporter-output>
        </test-method> <!-- GoToMainPage -->
        <test-method signature="DynamicControlsEnableTextbox()[pri:0, instance:featureOne.Scenario1@6200f9cb]" started-at="2022-10-05T10:43:36 EDT" name="DynamicControlsEnableTextbox" finished-at="2022-10-05T10:43:39 EDT" duration-ms="3189" status="PASS">
          <reporter-output>
          </reporter-output>
        </test-method> <!-- DynamicControlsEnableTextbox -->
        <test-method is-config="true" signature="GoToMainPage()[pri:0, instance:featureOne.Scenario1@6200f9cb]" started-at="2022-10-05T10:43:39 EDT" name="GoToMainPage" finished-at="2022-10-05T10:43:39 EDT" duration-ms="89" status="PASS">
          <reporter-output>
          </reporter-output>
        </test-method> <!-- GoToMainPage -->
        <test-method signature="DynamicLoading()[pri:0, instance:featureOne.Scenario1@6200f9cb]" started-at="2022-10-05T10:43:39 EDT" name="DynamicLoading" finished-at="2022-10-05T10:43:45 EDT" duration-ms="5772" status="FAIL">
          <exception class="org.openqa.selenium.StaleElementReferenceException">
            <message>
              <![CDATA[The element reference of [object String] "{\"element-6066-11e4-a52e-4f735466cecf\":\"3613fa09-5bf7-4c37-aa72-86b437f99c54\"}" is stale; either the element is no longer attached to the DOM, it is not in the current frame context, or the document has been refreshed
For documentation on this error, please visit: https://www.seleniumhq.org/exceptions/stale_element_reference.html
Build info: version: '3.141.59', revision: 'e82be7d358', time: '2018-11-14T08:17:03'
System info: host: 'razz-X570-AORUS-PRO-WIFI', ip: '127.0.1.1', os.name: 'Linux', os.arch: 'amd64', os.version: '5.15.0-48-generic', java.version: '11.0.16'
Driver info: org.openqa.selenium.firefox.FirefoxDriver
Capabilities {acceptInsecureCerts: true, browserName: firefox, browserVersion: 105.0.2, javascriptEnabled: true, moz:accessibilityChecks: false, moz:buildID: 20221003135607, moz:geckodriverVersion: 0.31.0, moz:headless: true, moz:platformVersion: 5.15.0-48-generic, moz:processID: 8307, moz:profile: /tmp/rust_mozprofilemh41HX, moz:shutdownTimeout: 60000, moz:useNonSpecCompliantPointerOrigin: false, moz:webdriverClick: true, moz:windowless: false, pageLoadStrategy: normal, platform: LINUX, platformName: LINUX, proxy: Proxy(), setWindowRect: true, strictFileInteractability: false, timeouts: {implicit: 0, pageLoad: 300000, script: 30000}, unhandledPromptBehavior: dismiss and notify}
Session ID: 5b86e532-e4e4-469e-a4dc-1eb89cea24cf]]>
            </message>
            <full-stacktrace>
              <![CDATA[org.openqa.selenium.StaleElementReferenceException: The element reference of [object String] "{\"element-6066-11e4-a52e-4f735466cecf\":\"3613fa09-5bf7-4c37-aa72-86b437f99c54\"}" is stale; either the element is no longer attached to the DOM, it is not in the current frame context, or the document has been refreshed
For documentation on this error, please visit: https://www.seleniumhq.org/exceptions/stale_element_reference.html
Build info: version: '3.141.59', revision: 'e82be7d358', time: '2018-11-14T08:17:03'
System info: host: 'razz-X570-AORUS-PRO-WIFI', ip: '127.0.1.1', os.name: 'Linux', os.arch: 'amd64', os.version: '5.15.0-48-generic', java.version: '11.0.16'
Driver info: org.openqa.selenium.firefox.FirefoxDriver
Capabilities {acceptInsecureCerts: true, browserName: firefox, browserVersion: 105.0.2, javascriptEnabled: true, moz:accessibilityChecks: false, moz:buildID: 20221003135607, moz:geckodriverVersion: 0.31.0, moz:headless: true, moz:platformVersion: 5.15.0-48-generic, moz:processID: 8307, moz:profile: /tmp/rust_mozprofilemh41HX, moz:shutdownTimeout: 60000, moz:useNonSpecCompliantPointerOrigin: false, moz:webdriverClick: true, moz:windowless: false, pageLoadStrategy: normal, platform: LINUX, platformName: LINUX, proxy: Proxy(), setWindowRect: true, strictFileInteractability: false, timeouts: {implicit: 0, pageLoad: 300000, script: 30000}, unhandledPromptBehavior: dismiss and notify}
Session ID: 5b86e532-e4e4-469e-a4dc-1eb89cea24cf
at java.base/jdk.internal.reflect.NativeConstructorAccessorImpl.newInstance0(Native Method)
at java.base/jdk.internal.reflect.NativeConstructorAccessorImpl.newInstance(NativeConstructorAccessorImpl.java:62)
at java.base/jdk.internal.reflect.DelegatingConstructorAccessorImpl.newInstance(DelegatingConstructorAccessorImpl.java:45)
at java.base/java.lang.reflect.Constructor.newInstance(Constructor.java:490)
at org.openqa.selenium.remote.http.W3CHttpResponseCodec.createException(W3CHttpResponseCodec.java:187)
at org.openqa.selenium.remote.http.W3CHttpResponseCodec.decode(W3CHttpResponseCodec.java:122)
at org.openqa.selenium.remote.http.W3CHttpResponseCodec.decode(W3CHttpResponseCodec.java:49)
at org.openqa.selenium.remote.HttpCommandExecutor.execute(HttpCommandExecutor.java:158)
at org.openqa.selenium.remote.service.DriverCommandExecutor.execute(DriverCommandExecutor.java:83)
at org.openqa.selenium.remote.RemoteWebDriver.execute(RemoteWebDriver.java:552)
at org.openqa.selenium.remote.RemoteWebElement.execute(RemoteWebElement.java:285)
at org.openqa.selenium.remote.RemoteWebElement.click(RemoteWebElement.java:84)
at featureOne.Scenario1.DynamicLoading(Scenario1.java:119)
at java.base/jdk.internal.reflect.NativeMethodAccessorImpl.invoke0(Native Method)
at java.base/jdk.internal.reflect.NativeMethodAccessorImpl.invoke(NativeMethodAccessorImpl.java:62)
at java.base/jdk.internal.reflect.DelegatingMethodAccessorImpl.invoke(DelegatingMethodAccessorImpl.java:43)
at java.base/java.lang.reflect.Method.invoke(Method.java:566)
at org.testng.internal.invokers.MethodInvocationHelper.invokeMethod(MethodInvocationHelper.java:135)
at org.testng.internal.invokers.TestInvoker.invokeMethod(TestInvoker.java:673)
at org.testng.internal.invokers.TestInvoker.invokeTestMethod(TestInvoker.java:220)
at org.testng.internal.invokers.MethodRunner.runInSequence(MethodRunner.java:50)
at org.testng.internal.invokers.TestInvoker$MethodInvocationAgent.invoke(TestInvoker.java:945)
at org.testng.internal.invokers.TestInvoker.invokeTestMethods(TestInvoker.java:193)
at org.testng.internal.invokers.TestMethodWorker.invokeTestMethods(TestMethodWorker.java:146)
at org.testng.internal.invokers.TestMethodWorker.run(TestMethodWorker.java:128)
at java.base/java.util.ArrayList.forEach(ArrayList.java:1541)
at org.testng.TestRunner.privateRun(TestRunner.java:808)
at org.testng.TestRunner.run(TestRunner.java:603)
at org.testng.SuiteRunner.runTest(SuiteRunner.java:429)
at org.testng.SuiteRunner.runSequentially(SuiteRunner.java:423)
at org.testng.SuiteRunner.privateRun(SuiteRunner.java:383)
at org.testng.SuiteRunner.run(SuiteRunner.java:326)
at org.testng.SuiteRunnerWorker.runSuite(SuiteRunnerWorker.java:52)
at org.testng.SuiteRunnerWorker.run(SuiteRunnerWorker.java:95)
at org.testng.TestNG.runSuitesSequentially(TestNG.java:1249)
at org.testng.TestNG.runSuitesLocally(TestNG.java:1169)
at org.testng.TestNG.runSuites(TestNG.java:1092)
at org.testng.TestNG.run(TestNG.java:1060)
at org.apache.maven.surefire.testng.TestNGExecutor.run(TestNGExecutor.java:151)
at org.apache.maven.surefire.testng.TestNGDirectoryTestSuite.executeMulti(TestNGDirectoryTestSuite.java:192)
at org.apache.maven.surefire.testng.TestNGDirectoryTestSuite.execute(TestNGDirectoryTestSuite.java:93)
at org.apache.maven.surefire.testng.TestNGProvider.invoke(TestNGProvider.java:155)
at org.apache.maven.surefire.booter.ForkedBooter.runSuitesInProcess(ForkedBooter.java:456)
at org.apache.maven.surefire.booter.ForkedBooter.execute(ForkedBooter.java:169)
at org.apache.maven.surefire.booter.ForkedBooter.run(ForkedBooter.java:595)
at org.apache.maven.surefire.booter.ForkedBooter.main(ForkedBooter.java:581)
]]>
            </full-stacktrace>
          </exception> <!-- org.openqa.selenium.StaleElementReferenceException -->
          <reporter-output>
          </reporter-output>
        </test-method> <!-- DynamicLoading -->
        <test-method is-config="true" signature="GoToMainPage()[pri:0, instance:featureOne.Scenario1@6200f9cb]" started-at="2022-10-05T10:43:45 EDT" name="GoToMainPage" finished-at="2022-10-05T10:43:45 EDT" duration-ms="96" status="PASS">
          <reporter-output>
          </reporter-output>
        </test-method> <!-- GoToMainPage -->
      </class> <!-- featureOne.Scenario1 -->
    </test> <!-- Surefire test -->
  </suite> <!-- Surefire suite -->
</testng-results>
